<?xml version="1.0" encoding="UTF-8"?>
<!-- Generated by org.testng.reporters.JUnitXMLReporter -->
<testsuite hostname="LAPTOP-07IEMPER" name="Default test" tests="3" failures="0" timestamp="1 Mar 2021 23:24:40 GMT" time="0.021" errors="0">
  <testcase name="Hello1" time="0.009" classname="TestngTst.TestDemo.FirstTest"/>
  <testcase name="Daytwo" time="0.001" classname="TestngTst.TestDemo.SecondTest"/>
  <testcase name="third" time="0.0" classname="TestngTst.TestDemo.ThirdTest"/>
</testsuite> <!-- Default test -->
