<?xml version="1.0" encoding="UTF-8"?>
<!-- Generated by org.testng.reporters.JUnitXMLReporter -->
<testsuite hostname="LAPTOP-07IEMPER" name="Default test" tests="3" failures="0" timestamp="3 Mar 2021 12:22:25 GMT" time="0.016" errors="0">
  <testcase name="third" time="0.016" classname="TestngTst.TestDemo.ThirdTest"/>
  <testcase name="Hello1" time="0.0" classname="TestngTst.TestDemo.FirstTest"/>
  <testcase name="Daytwo" time="0.0" classname="TestngTst.TestDemo.SecondTest"/>
</testsuite> <!-- Default test -->
